<?xml version="1.0" encoding="UTF-8" ?>
<testsuite errors="2" failures="0" hostname="Brian-Stiles-MacBook-Pro.local" name="com.martiansoftware.nailgun.TestNGContext" tests="5" time="0.456" timestamp="2011-04-07T06:00:26">
  <properties>
[...]
</properties>
  <testcase classname="com.martiansoftware.nailgun.TestNGContext" name="testNGContextSettersAndGetters" time="0.214">
    <error message="(class: com/martiansoftware/nailgun/NGServer, method: getDefaultNailClass signature: ()Ljava/lang/Class;) Illegal constant pool index" type="java.lang.VerifyError">java.lang.VerifyError: (class: com/martiansoftware/nailgun/NGServer, method: getDefaultNailClass signature: ()Ljava/lang/Class;) Illegal constant pool index
	at com.martiansoftware.nailgun.TestNGContext.testNGContextSettersAndGetters(Unknown Source)
</error>
  </testcase>
  <testcase classname="com.martiansoftware.nailgun.TestNGContext" name="testNGContextExit" time="0.0010" />
  <testcase classname="com.martiansoftware.nailgun.TestNGContext" name="testNGContextLoopbackAssertion" time="0.0030">
    <error message="Client is not at loopback address." type="java.lang.SecurityException">java.lang.SecurityException: Client is not at loopback address.
	at com.martiansoftware.nailgun.NGContext.assertLoopbackClient(NGContext.java:241)
	at com.martiansoftware.nailgun.TestNGContext.testNGContextLoopbackAssertion(Unknown Source)
</error>
  </testcase>
  <testcase classname="com.martiansoftware.nailgun.TestNGContext" name="testNGContextExternalInetAddress" time="0.168" />
  <testcase classname="com.martiansoftware.nailgun.TestNGContext" name="testNGContextNonLoopbackAssertions" time="0.0090" />
  <system-out><![CDATA[]]></system-out>
  <system-err><![CDATA[]]></system-err>
</testsuite>
